<?xml version="1.0" encoding="UTF-8" ?>
<testsuites>
  <testsuite errors="0" failures="0" hostname="captain" id="0" name="SourceUrlsProducerServiceTests" package="gnutch" tests="1" time="0.013" timestamp="2013-08-24T14:04:32">
      <properties />

      <testcase classname="gnutch.SourceUrlsProducerServiceTests" name="testSomething" time="0.012" />

      <system-out><![CDATA[--Output from testSomething--
]]></system-out>

      <system-err><![CDATA[--Output from testSomething--
]]></system-err>

  </testsuite>
  <testsuite errors="0" failures="0" hostname="captain" id="1" name="TikaContentExtractorTests" package="gnutch" tests="1" time="1.754" timestamp="2013-08-24T14:04:32">
      <properties />

      <testcase classname="gnutch.TikaContentExtractorTests" name="testExtract" time="1.752" />

      <system-out><![CDATA[--Output from testExtract--
]]></system-out>

      <system-err><![CDATA[--Output from testExtract--
]]></system-err>

  </testsuite>
  <testsuite errors="0" failures="0" hostname="captain" id="2" name="DocumentIndexerTests" package="gnutch.indexer" tests="1" time="0.077" timestamp="2013-08-24T14:04:32">
      <properties />

      <testcase classname="gnutch.indexer.DocumentIndexerTests" name="testIsIndexable" time="0.013" />

      <system-out><![CDATA[--Output from testIsIndexable--
]]></system-out>

      <system-err><![CDATA[--Output from testIsIndexable--
]]></system-err>

  </testsuite>
  <testsuite errors="0" failures="0" hostname="captain" id="3" name="SchedulerServiceTest" package="gnutch.quartz" tests="4" time="24.83" timestamp="2013-08-24T14:04:07">
      <properties />

      <testcase classname="gnutch.quartz.SchedulerServiceTest" name="testSetProperties" time="14.806" />

      <testcase classname="gnutch.quartz.SchedulerServiceTest" name="testSingleJob" time="5.006" />

      <testcase classname="gnutch.quartz.SchedulerServiceTest" name="testMultipleSimultaneousJobs" time="5.006" />

      <testcase classname="gnutch.quartz.SchedulerServiceTest" name="testAddRemoveListeners" time="0.004" />

      <system-out><![CDATA[--Output from testSetProperties--
--Output from testSingleJob--
--Output from testMultipleSimultaneousJobs--
--Output from testAddRemoveListeners--
]]></system-out>

      <system-err><![CDATA[--Output from testSetProperties--
--Output from testSingleJob--
--Output from testMultipleSimultaneousJobs--
--Output from testAddRemoveListeners--
]]></system-err>

  </testsuite>
  <testsuite errors="0" failures="0" hostname="captain" id="4" name="StringDateUtilsTest" package="gnutch.quartz" tests="1" time="0.005" timestamp="2013-08-24T14:04:07">
      <properties />

      <testcase classname="gnutch.quartz.StringDateUtilsTest" name="testStringDateUtils" time="0.004" />

      <system-out><![CDATA[--Output from testStringDateUtils--
]]></system-out>

      <system-err><![CDATA[--Output from testStringDateUtils--
]]></system-err>

  </testsuite>
  <testsuite errors="0" failures="0" hostname="captain" id="5" name="ContextUrlResolverTests" package="gnutch.urls" tests="2" time="0.071" timestamp="2013-08-24T14:04:32">
      <properties />

      <testcase classname="gnutch.urls.ContextUrlResolverTests" name="testUnescape" time="0.016" />

      <testcase classname="gnutch.urls.ContextUrlResolverTests" name="testProcess" time="0.05" />

      <system-out><![CDATA[--Output from testUnescape--
--Output from testProcess--
]]></system-out>

      <system-err><![CDATA[--Output from testUnescape--
--Output from testProcess--
]]></system-err>

  </testsuite>
  <testsuite errors="0" failures="0" hostname="captain" id="6" name="RegexUrlCheckerTests" package="gnutch.urls" tests="2" time="0.08" timestamp="2013-08-24T14:04:32">
      <properties />

      <testcase classname="gnutch.urls.RegexUrlCheckerTests" name="testCheckExclusive" time="0.016" />

      <testcase classname="gnutch.urls.RegexUrlCheckerTests" name="testCheckInclusive" time="0.061" />

      <system-out><![CDATA[--Output from testCheckExclusive--
--Output from testCheckInclusive--
]]></system-out>

      <system-err><![CDATA[--Output from testCheckExclusive--
--Output from testCheckInclusive--
]]></system-err>

  </testsuite>
</testsuites>
